2026-07-13 06:50:02,538  INFO  Date range  : 2026-06-13 to 2026-07-12
2026-07-13 06:50:02,539  INFO  Weekly range: 2026-07-06 to 2026-07-12
2026-07-13 06:50:02,597  INFO  --- Shopify: fetching sales data ---
2026-07-13 06:50:08,528  INFO    Orders page 9: 2988 line items across 1018 products
2026-07-13 06:50:10,122  INFO    Orders page 3: 738 line items across 422 products
2026-07-13 06:50:10,123  INFO  Monthly sales fetched: 1018 products with orders
2026-07-13 06:50:10,123  INFO  Weekly sales fetched:  422 products with orders
2026-07-13 06:50:10,124  INFO  --- GSC: querying all 50 products ---
2026-07-13 06:50:11,657  INFO    [01] ip68-waterproof-junction-box-outdoor-for-electrica clk=5 imp=1023
2026-07-13 06:50:12,595  INFO    [02] rose-gold-lamp-shade-cap-for-pendant-light-socket- clk=1 imp=199
2026-07-13 06:50:13,448  INFO    [03] 40cm-black-metal-dome-pendant-light clk=1 imp=78
2026-07-13 06:50:14,744  INFO    [04] modern-vintage-pendant-light-fitting-retro-industr clk=1 imp=84
2026-07-13 06:50:15,673  INFO    [05] pendant-light-fitting-ceiling-rose-e27-suspension- clk=1 imp=230
2026-07-13 06:50:16,792  INFO    [06] tiffany-style-ceiling-pendant-hanging-mediterranea clk=0 imp=59
2026-07-13 06:50:17,783  INFO    [07] brushed-silver-metal-industrial-hanging-pendant-li clk=1 imp=118
2026-07-13 06:50:18,896  INFO    [08] ledsone-industrial-vintage-32cm-orange-pendant-ret clk=0 imp=82
2026-07-13 06:50:19,845  INFO    [09] lamp-shade-spring-clip-retainer-for-lamp-part-shad clk=1 imp=367
2026-07-13 06:50:20,901  INFO    [10] french-gold-pendant-lights-gold-ceiling-lights-met clk=0 imp=55
2026-07-13 06:50:22,167  INFO    [11] e27-g95-40w-dimmable-antique-globe-industrial-retr clk=0 imp=239
2026-07-13 06:50:23,224  INFO    [12] dc12v-60w-ip20-mini-universal-regulated-switching- clk=0 imp=9
2026-07-13 06:50:24,434  INFO    [13] industrial-vintage-style-wall-or-ceiling-light-b22 clk=0 imp=70
2026-07-13 06:50:25,495  INFO    [14] 3-light-bulb-guard-cage-cluster-pendant-lights clk=0 imp=813
2026-07-13 06:50:26,479  INFO    [15] conduit-pipe-table-lamp-with-dimmer-switch-industr clk=3 imp=599
2026-07-13 06:50:27,380  INFO    [16] 28w-compact-led-driver-ac-230v-to-dc12v-power-supp clk=2 imp=148
2026-07-13 06:50:28,254  INFO    [17] 3-light-ceiling-pendant-light-with-pulley-system clk=0 imp=77
2026-07-13 06:50:29,321  INFO    [18] light-fixing-strap-brace-ceiling-rose-155mm-bracke clk=0 imp=15
2026-07-13 06:50:30,271  INFO    [19] ceramic-porcelain-type-6-es-e27-edison-screw-heat- clk=0 imp=230
2026-07-13 06:50:31,391  INFO    [20] 2pcs-bath-pedestal-rug-set-soft-non-slip-water-abs clk=0 imp=6
2026-07-13 06:50:32,268  INFO    [21] cone-wall-light clk=0 imp=137
2026-07-13 06:50:33,339  INFO    [22] copper-lamp-shade-cap-for-pendant-light-socket-hol clk=0 imp=33
2026-07-13 06:50:34,532  INFO    [23] dc12v-15w-led-driver-power-supply-transformer clk=0 imp=18
2026-07-13 06:50:35,528  INFO    [24] warm-white-12v-led-waterproof-modules-ip67-outdoor clk=3 imp=75
2026-07-13 06:50:36,553  INFO    [25] 5-x-vintage-pendant-cord-grip-strain-relief-metal- clk=1 imp=348
2026-07-13 06:50:37,703  INFO    [26] pipe-lighting-accessories-iron-5way-cross clk=2 imp=33
2026-07-13 06:50:38,589  INFO    [27] industrial-vintage-various-colours-ceiling-light-f clk=0 imp=26
2026-07-13 06:50:39,946  INFO    [28] 3-core-army-green-round-vintage-italian-braided-fa clk=0 imp=15
2026-07-13 06:50:40,983  INFO    [29] dc24v-ip67-30w-waterproof-led-driver-power-supply- clk=0 imp=19
2026-07-13 06:50:42,118  INFO    [30] screw-e27-white-plain-holder-bakelite-lamp-holder clk=0 imp=58
2026-07-13 06:50:43,187  INFO    [31] vintage-e27-edison-screw-3w-filament-bulb-warm-whi clk=0 imp=55
2026-07-13 06:50:44,248  INFO    [32] 3-outlet-500mm-black-metal-ceiling-rose-square clk=0 imp=129
2026-07-13 06:50:45,330  INFO    [33] red-wicker-rattan-lampshade-ceiling-pendant-light clk=0 imp=19
2026-07-13 06:50:46,341  INFO    [34] black-finished-industrial-adjustable-pendant-light clk=0 imp=21
2026-07-13 06:50:47,359  INFO    [35] plug-in-wall-light-kit-dimmer-uk-plug-flex-wire clk=2 imp=148
2026-07-13 06:50:48,404  INFO    [36] orange-painted-metal-shade-lighting-vintage-pendan clk=1 imp=75
2026-07-13 06:50:49,470  INFO    [37] vintage-edison-led-filament-bulb-g80-b22-4w-dimmab clk=2 imp=1229
2026-07-13 06:50:50,567  INFO    [38] fabric-hemp-flex-cable-kit-black-plug-in-pendant-l clk=0 imp=5
2026-07-13 06:50:51,477  INFO    [39] industrial-style-ceiling-light-three-b22-bar-condu clk=0 imp=32
2026-07-13 06:50:52,618  INFO    [40] black-bakelite-lamp-holder-industrial-socket-light clk=3 imp=353
2026-07-13 06:50:53,680  INFO    [41] 1m-white-pendant-light-holder clk=1 imp=653
2026-07-13 06:50:54,744  INFO    [42] hemp-rope-metal-pendant-light-spider-light-hanging clk=0 imp=74
2026-07-13 06:50:55,928  INFO    [43] fisherman-caged-conduit-pipe-light-shade-3-4-entry clk=2 imp=101
2026-07-13 06:50:57,008  INFO    [44] retro-vintage-1cm-hole-barrel-cage-design-rattan-s clk=0 imp=29
2026-07-13 06:50:58,116  INFO    [45] 105mm-bracket-strap-brace-plate-with-accessories-c clk=0 imp=29
2026-07-13 06:50:59,010  INFO    [46] linear-cage-pendant-light-fixture clk=0 imp=57
2026-07-13 06:50:59,965  INFO    [47] b22-t185-60w-dimmable-vintage-light-filament-bulb clk=0 imp=7
2026-07-13 06:51:00,869  INFO    [48] design-women-toe-post-flip-flop-beach-slipper-for- clk=0 imp=1545
2026-07-13 06:51:01,860  INFO    [49] industrial-ribbed-glass-wall-lights-replacement-la clk=1 imp=728
2026-07-13 06:51:03,169  INFO    [50] 3-way-modern-black-ceiling-pendant-cluster-light-f clk=1 imp=1209
2026-07-13 06:51:03,170  INFO  --- Building datasets ---
2026-07-13 06:51:03,170  INFO  Req1 — Rewrite:20 Intent:6 DNO:24 Val:0
2026-07-13 06:51:03,170  INFO  Req2 — Optimize:39 DNO:11 Avg CTR:0.3%
2026-07-13 06:51:03,170  INFO  --- Building HTML ---
2026-07-13 06:51:03,181  INFO  HTML written: 78,825 bytes -> /home/runner/work/Staff-requirements/Staff-requirements/pages/jakshan.html
2026-07-13 06:51:03,181  INFO  --- Update complete ---
2026-07-13 06:51:03,181  INFO  Req1: Rewrite=20 Intent=6 DNO=24 NoGSC=0
2026-07-13 06:51:03,181  INFO  Req2: Optimize=39 DNO=11 AvgCTR=0.3% Clicks=35 Imp=11,761
